----------------------------------------
Exception occurred during processing of request from ('127.0.0.1', 62279)
Traceback (most recent call last):
  File "C:\Users\ryan.RYAN5080\AppData\Local\Python\pythoncore-3.13-64\Lib\socketserver.py", line 697, in process_request_thread
    self.finish_request(request, client_address)
    ~~~~~~~~~~~~~~~~~~~^^^^^^^^^^^^^^^^^^^^^^^^^
  File "C:\Users\ryan.RYAN5080\AppData\Local\Python\pythoncore-3.13-64\Lib\socketserver.py", line 362, in finish_request
    self.RequestHandlerClass(request, client_address, self)
    ~~~~~~~~~~~~~~~~~~~~~~~~^^^^^^^^^^^^^^^^^^^^^^^^^^^^^^^
  File "C:\Users\ryan.RYAN5080\AppData\Local\Python\pythoncore-3.13-64\Lib\socketserver.py", line 766, in __init__
    self.handle()
    ~~~~~~~~~~~^^
  File "C:\Users\ryan.RYAN5080\AppData\Local\Python\pythoncore-3.13-64\Lib\http\server.py", line 449, in handle
    self.handle_one_request()
    ~~~~~~~~~~~~~~~~~~~~~~~^^
  File "C:\Users\ryan.RYAN5080\AppData\Local\Python\pythoncore-3.13-64\Lib\http\server.py", line 415, in handle_one_request
    self.raw_requestline = self.rfile.readline(65537)
                           ~~~~~~~~~~~~~~~~~~~^^^^^^^
  File "C:\Users\ryan.RYAN5080\AppData\Local\Python\pythoncore-3.13-64\Lib\socket.py", line 719, in readinto
    return self._sock.recv_into(b)
           ~~~~~~~~~~~~~~~~~~~~^^^
ConnectionResetError: [WinError 10054] An existing connection was forcibly closed by the remote host
----------------------------------------
----------------------------------------
----------------------------------------
Exception occurred during processing of request from ('127.0.0.1', 57180)
Exception occurred during processing of request from ('127.0.0.1', 57281)
Traceback (most recent call last):
  File "C:\Users\ryan.RYAN5080\AppData\Local\Python\pythoncore-3.13-64\Lib\socketserver.py", line 697, in process_request_thread
    self.finish_request(request, client_address)
    ~~~~~~~~~~~~~~~~~~~^^^^^^^^^^^^^^^^^^^^^^^^^
  File "C:\Users\ryan.RYAN5080\AppData\Local\Python\pythoncore-3.13-64\Lib\socketserver.py", line 362, in finish_request
    self.RequestHandlerClass(request, client_address, self)
    ~~~~~~~~~~~~~~~~~~~~~~~~^^^^^^^^^^^^^^^^^^^^^^^^^^^^^^^
  File "C:\Users\ryan.RYAN5080\AppData\Local\Python\pythoncore-3.13-64\Lib\socketserver.py", line 766, in __init__
    self.handle()
    ~~~~~~~~~~~^^
  File "C:\Users\ryan.RYAN5080\AppData\Local\Python\pythoncore-3.13-64\Lib\http\server.py", line 449, in handle
    self.handle_one_request()
    ~~~~~~~~~~~~~~~~~~~~~~~^^
  File "C:\Users\ryan.RYAN5080\AppData\Local\Python\pythoncore-3.13-64\Lib\http\server.py", line 415, in handle_one_request
    self.raw_requestline = self.rfile.readline(65537)
                           ~~~~~~~~~~~~~~~~~~~^^^^^^^
  File "C:\Users\ryan.RYAN5080\AppData\Local\Python\pythoncore-3.13-64\Lib\socket.py", line 719, in readinto
    return self._sock.recv_into(b)
           ~~~~~~~~~~~~~~~~~~~~^^^
Traceback (most recent call last):
ConnectionResetError: [WinError 10054] An existing connection was forcibly closed by the remote host
  File "C:\Users\ryan.RYAN5080\AppData\Local\Python\pythoncore-3.13-64\Lib\socketserver.py", line 697, in process_request_thread
    self.finish_request(request, client_address)
    ~~~~~~~~~~~~~~~~~~~^^^^^^^^^^^^^^^^^^^^^^^^^
  File "C:\Users\ryan.RYAN5080\AppData\Local\Python\pythoncore-3.13-64\Lib\socketserver.py", line 362, in finish_request
    self.RequestHandlerClass(request, client_address, self)
    ~~~~~~~~~~~~~~~~~~~~~~~~^^^^^^^^^^^^^^^^^^^^^^^^^^^^^^^
  File "C:\Users\ryan.RYAN5080\AppData\Local\Python\pythoncore-3.13-64\Lib\socketserver.py", line 766, in __init__
    self.handle()
    ~~~~~~~~~~~^^
  File "C:\Users\ryan.RYAN5080\AppData\Local\Python\pythoncore-3.13-64\Lib\http\server.py", line 449, in handle
    self.handle_one_request()
    ~~~~~~~~~~~~~~~~~~~~~~~^^
  File "C:\Users\ryan.RYAN5080\AppData\Local\Python\pythoncore-3.13-64\Lib\http\server.py", line 415, in handle_one_request
    self.raw_requestline = self.rfile.readline(65537)
                           ~~~~~~~~~~~~~~~~~~~^^^^^^^
  File "C:\Users\ryan.RYAN5080\AppData\Local\Python\pythoncore-3.13-64\Lib\socket.py", line 719, in readinto
    return self._sock.recv_into(b)
           ~~~~~~~~~~~~~~~~~~~~^^^
----------------------------------------
ConnectionResetError: [WinError 10054] An existing connection was forcibly closed by the remote host
----------------------------------------
